Build started 12/19/2014 8:56:07 PM.
Project "E:\main3\main3\main3.vcxproj" on node 2 (build target(s)).
InitializeBuildStatus:
  Touching "Debug\main3.unsuccessfulbuild".
GenerateTargetFrameworkMonikerAttribute:
Skipping target "GenerateTargetFrameworkMonikerAttribute" because all output files are up-to-date with respect to the input files.
ClCompile:
  All outputs are up-to-date.
  C:\Program Files\Microsoft Visual Studio 10.0\VC\bin\CL.exe /c /AI"C:\Program Files\Reference Assemblies\Microsoft\Framework\.NETFramework\v4.0" /Zi /clr /nologo /W3 /WX- /Od /Oy- /D WIN32 /D _DEBUG /D _UNICODE /D UNICODE /EHa /MDd /GS /fp:precise /Zc:wchar_t /Zc:forScope /Yu"StdAfx.h" /Fp"Debug\main3.pch" /Fo"Debug\\" /Fd"Debug\vc100.pdb" /TP /FU"C:\Program Files\Reference Assemblies\Microsoft\Framework\.NETFramework\v4.0\System.Core.dll" /FU"C:\Program Files\Reference Assemblies\Microsoft\Framework\.NETFramework\v4.0\System.Data.dll" /FU"C:\Program Files\Reference Assemblies\Microsoft\Framework\.NETFramework\v4.0\System.dll" /FU"C:\Program Files\Reference Assemblies\Microsoft\Framework\.NETFramework\v4.0\System.Xml.dll" /analyze- /errorReport:prompt main3.cpp MonteCarlo.cpp /clr:nostdlib 
  main3.cpp
main3.cpp(52): warning C4996: 'strcpy': This function or variable may be unsafe. Consider using strcpy_s instead. To disable deprecation, use _CRT_SECURE_NO_WARNINGS. See online help for details.
          C:\Program Files\Microsoft Visual Studio 10.0\VC\include\string.h(105) : see declaration of 'strcpy'
main3.cpp(29): warning C4101: 'c_expiry' : unreferenced local variable
main3.cpp(28): warning C4101: 'c_spot' : unreferenced local variable
main3.cpp(31): warning C4101: 'd2' : unreferenced local variable
main3.cpp(27): warning C4101: 'c_strike' : unreferenced local variable
main3.cpp(31): warning C4101: 'd1' : unreferenced local variable
  MonteCarlo.cpp
  Generating Code...
e:\main3\main3\montecarlo.cpp(45): warning C4715: 'MonteCarlo::price' : not all control paths return a value
e:\main3\main3\montecarlo.cpp(33): warning C4700: uninitialized local variable 'sumaPayoff' used
  All outputs are up-to-date.
ResourceCompile:
  All outputs are up-to-date.
Link:
  C:\Program Files\Microsoft Visual Studio 10.0\VC\bin\link.exe /ERRORREPORT:PROMPT /OUT:"E:\main3\Debug\main3.exe" /INCREMENTAL /NOLOGO /MANIFEST /ManifestFile:"Debug\main3.exe.intermediate.manifest" /MANIFESTUAC:"level='asInvoker' uiAccess='false'" /DEBUG /PDB:"E:\main3\Debug\main3.pdb" /ASSEMBLYDEBUG /TLBID:1 /DYNAMICBASE /FIXED:NO /NXCOMPAT /MACHINE:X86 Debug\app.res
  Debug\AssemblyInfo.obj
  Debug\BlackScholes.obj
  Debug\call.obj
  Debug\main3.obj
  Debug\MonteCarlo.obj
  Debug\option.obj
  Debug\PriceEngine.obj
  Debug\Put.obj
  Debug\stdafx.obj
  "Debug\.NETFramework,Version=v4.0.AssemblyAttributes.obj"
  main3.vcxproj -> E:\main3\Debug\main3.exe
Manifest:
  C:\Program Files\Microsoft SDKs\Windows\v7.0A\bin\mt.exe /nologo /verbose /outputresource:"E:\main3\Debug\main3.exe;#1" /manifest Debug\main3.exe.intermediate.manifest
FinalizeBuildStatus:
  Deleting file "Debug\main3.unsuccessfulbuild".
  Touching "Debug\main3.lastbuildstate".
Done Building Project "E:\main3\main3\main3.vcxproj" (build target(s)).

Build succeeded.

Time Elapsed 00:01:20.60
